[0.000000] (-) TimerEvent: {}
[0.001981] (my_disk_monitor) JobQueued: {'identifier': 'my_disk_monitor', 'dependencies': OrderedDict({'my_disk_monitor': '/home/ryota/robosys2025_kadai2/install/my_disk_monitor'})}
[0.002655] (my_disk_monitor) JobStarted: {'identifier': 'my_disk_monitor'}
[0.099357] (-) TimerEvent: {}
[0.199925] (-) TimerEvent: {}
[0.300457] (-) TimerEvent: {}
[0.400957] (-) TimerEvent: {}
[0.493062] (my_disk_monitor) Command: {'cmd': ['/usr/bin/python3', '-m', 'pytest'], 'cwd': '/home/ryota/robosys2025_kadai2/my_disk_monitor', 'env': {'LESSOPEN': '| /usr/bin/lesspipe %s', 'CONDA_PROMPT_MODIFIER': '(base)', 'USER': 'ryota', 'SHLVL': '1', 'LD_LIBRARY_PATH': '/home/ryota/ros2_ws/install/person_msgs/lib:/opt/ros/jazzy/opt/rviz_ogre_vendor/lib:/opt/ros/jazzy/lib/x86_64-linux-gnu:/opt/ros/jazzy/opt/gz_math_vendor/lib:/opt/ros/jazzy/opt/gz_utils_vendor/lib:/opt/ros/jazzy/opt/gz_cmake_vendor/lib:/opt/ros/jazzy/lib', 'WT_PROFILE_ID': '{d8e96812-b789-5068-a5ae-10b2fb53e95f}', 'CONDA_BACKUP_QT_XCB_GL_INTEGRATION': '', 'HOME': '/home/ryota', 'CONDA_SHLVL': '1', 'OLDPWD': '/home/ryota/robosys2025_kadai2/my_disk_monitor/my_disk_monitor', 'ROS_PYTHON_VERSION': '3', 'DBUS_SESSION_BUS_ADDRESS': 'unix:path=/run/user/1000/bus', 'WSL_DISTRO_NAME': 'Ubuntu-24.04', 'WAYLAND_DISPLAY': 'wayland-0', 'COLCON_PREFIX_PATH': '/home/ryota/robosys2025_kadai2/install:/home/ryota/ros2_ws/install', 'ROS_DISTRO': 'jazzy', 'LOGNAME': 'ryota', 'NAME': 'LAPTOP-PH37ODTE', 'WSL_INTEROP': '/run/WSL/474_interop', 'PULSE_SERVER': 'unix:/mnt/wslg/PulseServer', '_': '/usr/bin/colcon', 'ROS_VERSION': '2', 'TERM': 'xterm-256color', 'PATH': '/opt/ros/jazzy/bin:/home/ryota/anaconda3/bin:/home/ryota/anaconda3/condabin:/usr/local/sbin:/usr/local/bin:/usr/sbin:/usr/bin:/sbin:/bin:/usr/games:/usr/local/games:/usr/lib/wsl/lib:/mnt/c/WINDOWS/system32:/mnt/c/WINDOWS:/mnt/c/WINDOWS/System32/Wbem:/mnt/c/WINDOWS/System32/WindowsPowerShell/v1.0:/mnt/c/WINDOWS/System32/OpenSSH:/mnt/c/Program Files/dotnet:/mnt/c/Program Files/MATLAB/R2024b/bin:/mnt/c/Users/whipp/AppData/Local/Microsoft/WindowsApps:/mnt/c/Users/whipp/AppData/Local/Programs/Microsoft VS Code/bin:/snap/bin', 'WT_SESSION': 'd561db71-ff7b-4316-99bf-feea70af8a1f', 'XDG_RUNTIME_DIR': '/run/user/1000/', 'DISPLAY': ':0', 'LANG': 'C.UTF-8', 'LS_COLORS': 'rs=0:di=01;34:ln=01;36:mh=00:pi=40;33:so=01;35:do=01;35:bd=40;33;01:cd=40;33;01:or=40;31;01:mi=00:su=37;41:sg=30;43:ca=00:tw=30;42:ow=34;42:st=37;44:ex=01;32:*.tar=01;31:*.tgz=01;31:*.arc=01;31:*.arj=01;31:*.taz=01;31:*.lha=01;31:*.lz4=01;31:*.lzh=01;31:*.lzma=01;31:*.tlz=01;31:*.txz=01;31:*.tzo=01;31:*.t7z=01;31:*.zip=01;31:*.z=01;31:*.dz=01;31:*.gz=01;31:*.lrz=01;31:*.lz=01;31:*.lzo=01;31:*.xz=01;31:*.zst=01;31:*.tzst=01;31:*.bz2=01;31:*.bz=01;31:*.tbz=01;31:*.tbz2=01;31:*.tz=01;31:*.deb=01;31:*.rpm=01;31:*.jar=01;31:*.war=01;31:*.ear=01;31:*.sar=01;31:*.rar=01;31:*.alz=01;31:*.ace=01;31:*.zoo=01;31:*.cpio=01;31:*.7z=01;31:*.rz=01;31:*.cab=01;31:*.wim=01;31:*.swm=01;31:*.dwm=01;31:*.esd=01;31:*.avif=01;35:*.jpg=01;35:*.jpeg=01;35:*.mjpg=01;35:*.mjpeg=01;35:*.gif=01;35:*.bmp=01;35:*.pbm=01;35:*.pgm=01;35:*.ppm=01;35:*.tga=01;35:*.xbm=01;35:*.xpm=01;35:*.tif=01;35:*.tiff=01;35:*.png=01;35:*.svg=01;35:*.svgz=01;35:*.mng=01;35:*.pcx=01;35:*.mov=01;35:*.mpg=01;35:*.mpeg=01;35:*.m2v=01;35:*.mkv=01;35:*.webm=01;35:*.webp=01;35:*.ogm=01;35:*.mp4=01;35:*.m4v=01;35:*.mp4v=01;35:*.vob=01;35:*.qt=01;35:*.nuv=01;35:*.wmv=01;35:*.asf=01;35:*.rm=01;35:*.rmvb=01;35:*.flc=01;35:*.avi=01;35:*.fli=01;35:*.flv=01;35:*.gl=01;35:*.dl=01;35:*.xcf=01;35:*.xwd=01;35:*.yuv=01;35:*.cgm=01;35:*.emf=01;35:*.ogv=01;35:*.ogx=01;35:*.aac=00;36:*.au=00;36:*.flac=00;36:*.m4a=00;36:*.mid=00;36:*.midi=00;36:*.mka=00;36:*.mp3=00;36:*.mpc=00;36:*.ogg=00;36:*.ra=00;36:*.wav=00;36:*.oga=00;36:*.opus=00;36:*.spx=00;36:*.xspf=00;36:*~=00;90:*#=00;90:*.bak=00;90:*.crdownload=00;90:*.dpkg-dist=00;90:*.dpkg-new=00;90:*.dpkg-old=00;90:*.dpkg-tmp=00;90:*.old=00;90:*.orig=00;90:*.part=00;90:*.rej=00;90:*.rpmnew=00;90:*.rpmorig=00;90:*.rpmsave=00;90:*.swp=00;90:*.tmp=00;90:*.ucf-dist=00;90:*.ucf-new=00;90:*.ucf-old=00;90:', 'QT_XCB_GL_INTEGRATION': 'none', 'GSETTINGS_SCHEMA_DIR': '/home/ryota/anaconda3/share/glib-2.0/schemas', 'AMENT_PREFIX_PATH': '/home/ryota/robosys2025_kadai2/install/my_disk_monitor:/home/ryota/ros2_ws/install/person_msgs:/home/ryota/ros2_ws/install/mypkg:/opt/ros/jazzy', 'CONDA_PYTHON_EXE': '/home/ryota/anaconda3/bin/python', 'SHELL': '/bin/bash', 'LESSCLOSE': '/usr/bin/lesspipe %s %s', 'CONDA_DEFAULT_ENV': 'base', 'ROS_AUTOMATIC_DISCOVERY_RANGE': 'LOCALHOST', 'PWD': '/home/ryota/robosys2025_kadai2/build/my_disk_monitor', 'CONDA_EXE': '/home/ryota/anaconda3/bin/conda', 'XDG_DATA_DIRS': '/usr/local/share:/usr/share:/var/lib/snapd/desktop', 'PYTHONPATH': '/home/ryota/robosys2025_kadai2/build/my_disk_monitor:/home/ryota/robosys2025_kadai2/install/my_disk_monitor/lib/python3.12/site-packages:/home/ryota/ros2_ws/install/person_msgs/lib/python3.12/site-packages:/home/ryota/ros2_ws/install/mypkg/lib/python3.12/site-packages:/opt/ros/jazzy/lib/python3.12/site-packages', 'CONDA_PREFIX': '/home/ryota/anaconda3', 'GSETTINGS_SCHEMA_DIR_CONDA_BACKUP': '', 'COLCON': '1', 'WSL2_GUI_APPS_ENABLED': '1', 'HOSTTYPE': 'x86_64', 'CMAKE_PREFIX_PATH': '/home/ryota/ros2_ws/install/person_msgs:/opt/ros/jazzy/opt/gz_math_vendor:/opt/ros/jazzy/opt/gz_utils_vendor:/opt/ros/jazzy/opt/gz_cmake_vendor', 'WSLENV': 'WT_SESSION:WT_PROFILE_ID:', 'PYTHONDONTWRITEBYTECODE': '1', 'PYTEST_ADDOPTS': '--tb=short --junit-xml=/home/ryota/robosys2025_kadai2/build/my_disk_monitor/pytest.xml --junit-prefix=my_disk_monitor -o cache_dir=/home/ryota/robosys2025_kadai2/build/my_disk_monitor/.pytest_cache'}, 'shell': False}
[0.501217] (-) TimerEvent: {}
[0.601733] (-) TimerEvent: {}
[0.702273] (-) TimerEvent: {}
[0.802857] (-) TimerEvent: {}
[0.903435] (-) TimerEvent: {}
[1.003894] (-) TimerEvent: {}
[1.104386] (-) TimerEvent: {}
[1.204989] (-) TimerEvent: {}
[1.305460] (-) TimerEvent: {}
[1.405992] (-) TimerEvent: {}
[1.446442] (my_disk_monitor) StdoutLine: {'line': b'\x1b[1m============================= test session starts ==============================\x1b[0m\n'}
[1.447444] (my_disk_monitor) StdoutLine: {'line': b'platform linux -- Python 3.12.3, pytest-7.4.4, pluggy-1.4.0\n'}
[1.455327] (my_disk_monitor) StdoutLine: {'line': b'cachedir: /home/ryota/robosys2025_kadai2/build/my_disk_monitor/.pytest_cache\n'}
[1.455620] (my_disk_monitor) StdoutLine: {'line': b'rootdir: /home/ryota/robosys2025_kadai2/my_disk_monitor\n'}
[1.455970] (my_disk_monitor) StdoutLine: {'line': b'plugins: ament-lint-0.17.3, launch-testing-3.4.7, ament-flake8-0.17.3, ament-copyright-0.17.3, launch-testing-ros-0.26.9, ament-pep257-0.17.3, ament-xmllint-0.17.3, cov-4.1.0, colcon-core-0.20.1\n'}
[1.506288] (-) TimerEvent: {}
[1.606863] (-) TimerEvent: {}
[1.681639] (my_disk_monitor) StdoutLine: {'line': b'\x1b[1mcollecting ... \x1b[0m\x1b[1m\n'}
[1.682046] (my_disk_monitor) StdoutLine: {'line': b'collected 3 items                                                              \x1b[0m\n'}
[1.682482] (my_disk_monitor) StdoutLine: {'line': b'\n'}
[1.691426] (my_disk_monitor) StdoutLine: {'line': b'test/test_copyright.py \x1b[33ms\x1b[0m\x1b[32m                                                 [ 33%]\x1b[0m\n'}
[1.707103] (-) TimerEvent: {}
[1.807582] (-) TimerEvent: {}
[1.908051] (-) TimerEvent: {}
[1.923403] (my_disk_monitor) StdoutLine: {'line': b'test/test_flake8.py \x1b[31mF\x1b[0m\x1b[31m                                                    [ 66%]\x1b[0m\n'}
[1.945477] (my_disk_monitor) StdoutLine: {'line': b'test/test_pep257.py \x1b[32m.\x1b[0m\x1b[31m                                                    [100%]\x1b[0m\n'}
[1.945880] (my_disk_monitor) StdoutLine: {'line': b'\n'}
[1.946034] (my_disk_monitor) StdoutLine: {'line': b'=================================== FAILURES ===================================\n'}
[1.946166] (my_disk_monitor) StdoutLine: {'line': b'\x1b[31m\x1b[1m_________________________________ test_flake8 __________________________________\x1b[0m\n'}
[1.946295] (my_disk_monitor) StdoutLine: {'line': b'\x1b[1m\x1b[31mtest/test_flake8.py\x1b[0m:23: in test_flake8\n'}
[2.004366] (my_disk_monitor) StdoutLine: {'line': b'    \x1b[94massert\x1b[39;49;00m rc == \x1b[94m0\x1b[39;49;00m, \\\n'}
[2.004634] (my_disk_monitor) StdoutLine: {'line': b'\x1b[1m\x1b[31mE   AssertionError: Found 8 code style errors / warnings:\x1b[0m\n'}
[2.004713] (my_disk_monitor) StdoutLine: {'line': b"\x1b[1m\x1b[31mE     ./my_disk_monitor/monitor.py:8:1: I100 Import statements are in the wrong order. 'import shutil' should be before 'from std_msgs.msg import Float32' and in a different group.\x1b[0m\n"}
[2.004786] (my_disk_monitor) StdoutLine: {'line': b"\x1b[1m\x1b[31mE     ./my_disk_monitor/monitor.py:8:1: I201 Missing newline between import groups. 'import shutil' is identified as Stdlib and 'from std_msgs.msg import Float32' is identified as Third Party.\x1b[0m\n"}
[2.004852] (my_disk_monitor) StdoutLine: {'line': b'\x1b[1m\x1b[31mE     ./my_disk_monitor/monitor.py:10:1: E302 expected 2 blank lines, found 1\x1b[0m\n'}
[2.004915] (my_disk_monitor) StdoutLine: {'line': b'\x1b[1m\x1b[31mE     ./my_disk_monitor/monitor.py:19:47: Q000 Double quotes found but single quotes preferred\x1b[0m\n'}
[2.004977] (my_disk_monitor) StdoutLine: {'line': b'\x1b[1m\x1b[31mE     ./my_disk_monitor/monitor.py:21:1: W293 blank line contains whitespace\x1b[0m\n'}
[2.005040] (my_disk_monitor) StdoutLine: {'line': b'\x1b[1m\x1b[31mE     ./my_disk_monitor/monitor.py:25:1: W293 blank line contains whitespace\x1b[0m\n'}
[2.005101] (my_disk_monitor) StdoutLine: {'line': b'\x1b[1m\x1b[31mE     ./my_disk_monitor/monitor.py:28:1: E302 expected 2 blank lines, found 1\x1b[0m\n'}
[2.005163] (my_disk_monitor) StdoutLine: {'line': b'\x1b[1m\x1b[31mE     ./my_disk_monitor/monitor.py:39:1: E305 expected 2 blank lines after class or function definition, found 1\x1b[0m\n'}
[2.005226] (my_disk_monitor) StdoutLine: {'line': b'\x1b[1m\x1b[31mE   assert 1 == 0\x1b[0m\n'}
[2.005286] (my_disk_monitor) StdoutLine: {'line': b'----------------------------- Captured stdout call -----------------------------\n'}
[2.005353] (my_disk_monitor) StdoutLine: {'line': b'\n'}
[2.005439] (my_disk_monitor) StdoutLine: {'line': b"./my_disk_monitor/monitor.py:8:1: I100 Import statements are in the wrong order. 'import shutil' should be before 'from std_msgs.msg import Float32' and in a different group.\n"}
[2.005504] (my_disk_monitor) StdoutLine: {'line': b'import shutil\n'}
[2.005565] (my_disk_monitor) StdoutLine: {'line': b'^\n'}
[2.005624] (my_disk_monitor) StdoutLine: {'line': b'\n'}
[2.005687] (my_disk_monitor) StdoutLine: {'line': b"./my_disk_monitor/monitor.py:8:1: I201 Missing newline between import groups. 'import shutil' is identified as Stdlib and 'from std_msgs.msg import Float32' is identified as Third Party.\n"}
[2.005749] (my_disk_monitor) StdoutLine: {'line': b'import shutil\n'}
[2.005809] (my_disk_monitor) StdoutLine: {'line': b'^\n'}
[2.005871] (my_disk_monitor) StdoutLine: {'line': b'\n'}
[2.005931] (my_disk_monitor) StdoutLine: {'line': b'./my_disk_monitor/monitor.py:10:1: E302 expected 2 blank lines, found 1\n'}
[2.006105] (my_disk_monitor) StdoutLine: {'line': b'class DiskMonitor(Node):\n'}
[2.006200] (my_disk_monitor) StdoutLine: {'line': b'^\n'}
[2.006321] (my_disk_monitor) StdoutLine: {'line': b'\n'}
[2.006424] (my_disk_monitor) StdoutLine: {'line': b'./my_disk_monitor/monitor.py:19:47: Q000 Double quotes found but single quotes preferred\n'}
[2.006493] (my_disk_monitor) StdoutLine: {'line': b'        total, used, free = shutil.disk_usage("/")\n'}
[2.006556] (my_disk_monitor) StdoutLine: {'line': b'                                              ^\n'}
[2.006615] (my_disk_monitor) StdoutLine: {'line': b'\n'}
[2.006685] (my_disk_monitor) StdoutLine: {'line': b'./my_disk_monitor/monitor.py:21:1: W293 blank line contains whitespace\n'}
[2.006780] (my_disk_monitor) StdoutLine: {'line': b'        \n'}
[2.007004] (my_disk_monitor) StdoutLine: {'line': b'^\n'}
[2.007261] (my_disk_monitor) StdoutLine: {'line': b'\n'}
[2.007525] (my_disk_monitor) StdoutLine: {'line': b'./my_disk_monitor/monitor.py:25:1: W293 blank line contains whitespace\n'}
[2.007646] (my_disk_monitor) StdoutLine: {'line': b'        \n'}
[2.007760] (my_disk_monitor) StdoutLine: {'line': b'^\n'}
[2.007857] (my_disk_monitor) StdoutLine: {'line': b'\n'}
[2.007986] (my_disk_monitor) StdoutLine: {'line': b'./my_disk_monitor/monitor.py:28:1: E302 expected 2 blank lines, found 1\n'}
[2.008159] (-) TimerEvent: {}
[2.008368] (my_disk_monitor) StdoutLine: {'line': b'def main(args=None):\n'}
[2.008543] (my_disk_monitor) StdoutLine: {'line': b'^\n'}
[2.008656] (my_disk_monitor) StdoutLine: {'line': b'\n'}
[2.008774] (my_disk_monitor) StdoutLine: {'line': b'./my_disk_monitor/monitor.py:39:1: E305 expected 2 blank lines after class or function definition, found 1\n'}
[2.008892] (my_disk_monitor) StdoutLine: {'line': b"if __name__ == '__main__':\n"}
[2.008998] (my_disk_monitor) StdoutLine: {'line': b'^\n'}
[2.009230] (my_disk_monitor) StdoutLine: {'line': b'\n'}
[2.009391] (my_disk_monitor) StdoutLine: {'line': b'2     E302 expected 2 blank lines, found 1\n'}
[2.009470] (my_disk_monitor) StdoutLine: {'line': b'1     E305 expected 2 blank lines after class or function definition, found 1\n'}
[2.009546] (my_disk_monitor) StdoutLine: {'line': b"1     I100 Import statements are in the wrong order. 'import shutil' should be before 'from std_msgs.msg import Float32' and in a different group.\n"}
[2.009618] (my_disk_monitor) StdoutLine: {'line': b"1     I201 Missing newline between import groups. 'import shutil' is identified as Stdlib and 'from std_msgs.msg import Float32' is identified as Third Party.\n"}
[2.009688] (my_disk_monitor) StdoutLine: {'line': b'1     Q000 Double quotes found but single quotes preferred\n'}
[2.009754] (my_disk_monitor) StdoutLine: {'line': b'2     W293 blank line contains whitespace\n'}
[2.009821] (my_disk_monitor) StdoutLine: {'line': b'\n'}
[2.009887] (my_disk_monitor) StdoutLine: {'line': b'6 files checked\n'}
[2.009956] (my_disk_monitor) StdoutLine: {'line': b'8 errors\n'}
[2.010022] (my_disk_monitor) StdoutLine: {'line': b'\n'}
[2.010088] (my_disk_monitor) StdoutLine: {'line': b"'E'-type errors: 3\n"}
[2.010153] (my_disk_monitor) StdoutLine: {'line': b"'I'-type errors: 2\n"}
[2.010218] (my_disk_monitor) StdoutLine: {'line': b"'Q'-type errors: 1\n"}
[2.010318] (my_disk_monitor) StdoutLine: {'line': b"'W'-type errors: 2\n"}
[2.010408] (my_disk_monitor) StdoutLine: {'line': b'\n'}
[2.010473] (my_disk_monitor) StdoutLine: {'line': b'Checked files:\n'}
[2.010542] (my_disk_monitor) StdoutLine: {'line': b'\n'}
[2.010608] (my_disk_monitor) StdoutLine: {'line': b'* ./setup.py\n'}
[2.010678] (my_disk_monitor) StdoutLine: {'line': b'* ./my_disk_monitor/monitor.py\n'}
[2.010769] (my_disk_monitor) StdoutLine: {'line': b'* ./my_disk_monitor/__init__.py\n'}
[2.010840] (my_disk_monitor) StdoutLine: {'line': b'* ./test/test_pep257.py\n'}
[2.010906] (my_disk_monitor) StdoutLine: {'line': b'* ./test/test_copyright.py\n'}
[2.011034] (my_disk_monitor) StdoutLine: {'line': b'* ./test/test_flake8.py\n'}
[2.011117] (my_disk_monitor) StdoutLine: {'line': b'- generated xml file: /home/ryota/robosys2025_kadai2/build/my_disk_monitor/pytest.xml -\n'}
[2.011195] (my_disk_monitor) StdoutLine: {'line': b'\x1b[36m\x1b[1m=========================== short test summary info ============================\x1b[0m\n'}
[2.011271] (my_disk_monitor) StdoutLine: {'line': b'\x1b[31mFAILED\x1b[0m test/test_flake8.py::\x1b[1mtest_flake8\x1b[0m - AssertionError: Found 8 code style errors / warnings:\n'}
[2.011350] (my_disk_monitor) StdoutLine: {'line': b'\x1b[31m==================== \x1b[31m\x1b[1m1 failed\x1b[0m, \x1b[32m1 passed\x1b[0m, \x1b[33m1 skipped\x1b[0m\x1b[31m in 0.56s\x1b[0m\x1b[31m ====================\x1b[0m\n'}
[2.085919] (my_disk_monitor) CommandEnded: {'returncode': 1}
[2.087120] (my_disk_monitor) TestFailure: {'identifier': 'my_disk_monitor'}
[2.087189] (my_disk_monitor) JobEnded: {'identifier': 'my_disk_monitor', 'rc': 0}
[2.088234] (-) EventReactorShutdown: {}
