[0.495s] Invoking command in '/home/ryota/robosys2025_kadai2/my_disk_monitor': CONDA_PROMPT_MODIFIER=(base) PYTEST_ADDOPTS=--tb=short --junit-xml=/home/ryota/robosys2025_kadai2/build/my_disk_monitor/pytest.xml --junit-prefix=my_disk_monitor -o cache_dir=/home/ryota/robosys2025_kadai2/build/my_disk_monitor/.pytest_cache PYTHONDONTWRITEBYTECODE=1 /usr/bin/python3 -m pytest
[1.445s] [1m============================= test session starts ==============================[0m
[1.445s] platform linux -- Python 3.12.3, pytest-7.4.4, pluggy-1.4.0
[1.453s] cachedir: /home/ryota/robosys2025_kadai2/build/my_disk_monitor/.pytest_cache
[1.453s] rootdir: /home/ryota/robosys2025_kadai2/my_disk_monitor
[1.453s] plugins: ament-lint-0.17.3, launch-testing-3.4.7, ament-flake8-0.17.3, ament-copyright-0.17.3, launch-testing-ros-0.26.9, ament-pep257-0.17.3, ament-xmllint-0.17.3, cov-4.1.0, colcon-core-0.20.1
[1.679s] [1mcollecting ... [0m[1m
[1.679s] collected 3 items                                                              [0m
[1.680s] 
[1.689s] test/test_copyright.py [33ms[0m[32m                                                 [ 33%][0m
[1.921s] test/test_flake8.py [31mF[0m[31m                                                    [ 66%][0m
[1.943s] test/test_pep257.py [32m.[0m[31m                                                    [100%][0m
[1.943s] 
[1.943s] =================================== FAILURES ===================================
[1.944s] [31m[1m_________________________________ test_flake8 __________________________________[0m
[1.944s] [1m[31mtest/test_flake8.py[0m:23: in test_flake8
[2.002s]     [94massert[39;49;00m rc == [94m0[39;49;00m, \
[2.002s] [1m[31mE   AssertionError: Found 8 code style errors / warnings:[0m
[2.002s] [1m[31mE     ./my_disk_monitor/monitor.py:8:1: I100 Import statements are in the wrong order. 'import shutil' should be before 'from std_msgs.msg import Float32' and in a different group.[0m
[2.002s] [1m[31mE     ./my_disk_monitor/monitor.py:8:1: I201 Missing newline between import groups. 'import shutil' is identified as Stdlib and 'from std_msgs.msg import Float32' is identified as Third Party.[0m
[2.002s] [1m[31mE     ./my_disk_monitor/monitor.py:10:1: E302 expected 2 blank lines, found 1[0m
[2.002s] [1m[31mE     ./my_disk_monitor/monitor.py:19:47: Q000 Double quotes found but single quotes preferred[0m
[2.002s] [1m[31mE     ./my_disk_monitor/monitor.py:21:1: W293 blank line contains whitespace[0m
[2.002s] [1m[31mE     ./my_disk_monitor/monitor.py:25:1: W293 blank line contains whitespace[0m
[2.002s] [1m[31mE     ./my_disk_monitor/monitor.py:28:1: E302 expected 2 blank lines, found 1[0m
[2.002s] [1m[31mE     ./my_disk_monitor/monitor.py:39:1: E305 expected 2 blank lines after class or function definition, found 1[0m
[2.003s] [1m[31mE   assert 1 == 0[0m
[2.003s] ----------------------------- Captured stdout call -----------------------------
[2.003s] 
[2.003s] ./my_disk_monitor/monitor.py:8:1: I100 Import statements are in the wrong order. 'import shutil' should be before 'from std_msgs.msg import Float32' and in a different group.
[2.003s] import shutil
[2.003s] ^
[2.003s] 
[2.003s] ./my_disk_monitor/monitor.py:8:1: I201 Missing newline between import groups. 'import shutil' is identified as Stdlib and 'from std_msgs.msg import Float32' is identified as Third Party.
[2.003s] import shutil
[2.003s] ^
[2.003s] 
[2.003s] ./my_disk_monitor/monitor.py:10:1: E302 expected 2 blank lines, found 1
[2.003s] class DiskMonitor(Node):
[2.004s] ^
[2.004s] 
[2.004s] ./my_disk_monitor/monitor.py:19:47: Q000 Double quotes found but single quotes preferred
[2.004s]         total, used, free = shutil.disk_usage("/")
[2.004s]                                               ^
[2.004s] 
[2.004s] ./my_disk_monitor/monitor.py:21:1: W293 blank line contains whitespace
[2.004s]         
[2.004s] ^
[2.005s] 
[2.005s] ./my_disk_monitor/monitor.py:25:1: W293 blank line contains whitespace
[2.005s]         
[2.005s] ^
[2.005s] 
[2.005s] ./my_disk_monitor/monitor.py:28:1: E302 expected 2 blank lines, found 1
[2.006s] def main(args=None):
[2.006s] ^
[2.006s] 
[2.006s] ./my_disk_monitor/monitor.py:39:1: E305 expected 2 blank lines after class or function definition, found 1
[2.006s] if __name__ == '__main__':
[2.006s] ^
[2.007s] 
[2.007s] 2     E302 expected 2 blank lines, found 1
[2.007s] 1     E305 expected 2 blank lines after class or function definition, found 1
[2.007s] 1     I100 Import statements are in the wrong order. 'import shutil' should be before 'from std_msgs.msg import Float32' and in a different group.
[2.007s] 1     I201 Missing newline between import groups. 'import shutil' is identified as Stdlib and 'from std_msgs.msg import Float32' is identified as Third Party.
[2.007s] 1     Q000 Double quotes found but single quotes preferred
[2.007s] 2     W293 blank line contains whitespace
[2.007s] 
[2.007s] 6 files checked
[2.007s] 8 errors
[2.007s] 
[2.007s] 'E'-type errors: 3
[2.007s] 'I'-type errors: 2
[2.008s] 'Q'-type errors: 1
[2.008s] 'W'-type errors: 2
[2.008s] 
[2.008s] Checked files:
[2.008s] 
[2.008s] * ./setup.py
[2.008s] * ./my_disk_monitor/monitor.py
[2.008s] * ./my_disk_monitor/__init__.py
[2.008s] * ./test/test_pep257.py
[2.008s] * ./test/test_copyright.py
[2.008s] * ./test/test_flake8.py
[2.008s] - generated xml file: /home/ryota/robosys2025_kadai2/build/my_disk_monitor/pytest.xml -
[2.009s] [36m[1m=========================== short test summary info ============================[0m
[2.009s] [31mFAILED[0m test/test_flake8.py::[1mtest_flake8[0m - AssertionError: Found 8 code style errors / warnings:
[2.009s] [31m==================== [31m[1m1 failed[0m, [32m1 passed[0m, [33m1 skipped[0m[31m in 0.56s[0m[31m ====================[0m
[2.084s] Invoked command in '/home/ryota/robosys2025_kadai2/my_disk_monitor' returned '1': CONDA_PROMPT_MODIFIER=(base) PYTEST_ADDOPTS=--tb=short --junit-xml=/home/ryota/robosys2025_kadai2/build/my_disk_monitor/pytest.xml --junit-prefix=my_disk_monitor -o cache_dir=/home/ryota/robosys2025_kadai2/build/my_disk_monitor/.pytest_cache PYTHONDONTWRITEBYTECODE=1 /usr/bin/python3 -m pytest
